<?xml version="1.0" encoding="UTF-8"?>
<!-- Generated by org.testng.reporters.JUnitReportReporter -->
<testsuite skipped="0" hostname="Sandeep-Sandy" name="testCases.Sample" tests="1" failures="0" timestamp="30 Jun 2017 18:12:20 GMT" time="22.142" errors="0">
  <testcase name="t" time="22.142" classname="testCases.Sample"/>
</testsuite> <!-- testCases.Sample -->
